<?xml version="1.0" encoding="UTF-8"?>
<!-- Generated by org.testng.reporters.JUnitXMLReporter -->
<testsuite hostname="vaibhav-Latitude-3550" ignored="0" name="Registration Automation" tests="3" failures="0" timestamp="08 Jan 2020 08:10:01 GMT" time="87.428" errors="0">
  <testcase name="test_1" time="31.363" classname="com.nmc.testcases.testcase01.SampleTestCase"/>
  <testcase name="test_1" time="25.968" classname="com.nmc.testcases.testcase01.SampleTestCase"/>
  <testcase name="test_1" time="15.743" classname="com.nmc.testcases.testcase01.SampleTestCase"/>
</testsuite> <!-- Registration Automation -->
