<?xml version="1.0" encoding="UTF-8"?>
<testng-results skipped="0" failed="0" ignored="0" total="3" passed="3">
  <reporter-output>
  </reporter-output>
  <suite name="Suite" duration-ms="66850" started-at="2020-01-02T07:07:53Z" finished-at="2020-01-02T07:09:00Z">
    <groups>
    </groups>
    <test name="Registration Automation" duration-ms="66850" started-at="2020-01-02T07:07:53Z" finished-at="2020-01-02T07:09:00Z">
      <class name="com.nmc.testcases.testcase01.SampleTestCase">
        <test-method status="PASS" signature="setUp(java.lang.String)[pri:0, instance:com.nmc.testcases.testcase01.SampleTestCase@6293abcc]" name="setUp" is-config="true" duration-ms="8163" started-at="2020-01-02T07:07:53Z" finished-at="2020-01-02T07:08:01Z">
          <params>
            <param index="0">
              <value>
                <![CDATA[firefox]]>
              </value>
            </param>
          </params>
          <reporter-output>
          </reporter-output>
        </test-method> <!-- setUp -->
        <test-method status="PASS" signature="before_method()[pri:0, instance:com.nmc.testcases.testcase01.SampleTestCase@6293abcc]" name="before_method" is-config="true" duration-ms="33" started-at="2020-01-02T07:08:01Z" finished-at="2020-01-02T07:08:01Z">
          <reporter-output>
          </reporter-output>
        </test-method> <!-- before_method -->
        <test-method status="PASS" signature="test_1([Ljava.lang.String;)[pri:0, instance:com.nmc.testcases.testcase01.SampleTestCase@6293abcc]" name="test_1" duration-ms="20248" started-at="2020-01-02T07:08:03Z" data-provider="regData" finished-at="2020-01-02T07:08:23Z">
          <params>
            <param index="0">
              <value>
                <![CDATA[[Ljava.lang.String;@867ba60]]>
              </value>
            </param>
          </params>
          <reporter-output>
          </reporter-output>
        </test-method> <!-- test_1 -->
        <test-method status="PASS" signature="after_method()[pri:0, instance:com.nmc.testcases.testcase01.SampleTestCase@6293abcc]" name="after_method" is-config="true" duration-ms="0" started-at="2020-01-02T07:08:23Z" finished-at="2020-01-02T07:08:23Z">
          <reporter-output>
          </reporter-output>
        </test-method> <!-- after_method -->
        <test-method status="PASS" signature="test_1([Ljava.lang.String;)[pri:0, instance:com.nmc.testcases.testcase01.SampleTestCase@6293abcc]" name="test_1" duration-ms="13628" started-at="2020-01-02T07:08:23Z" data-provider="regData" finished-at="2020-01-02T07:08:37Z">
          <params>
            <param index="0">
              <value>
                <![CDATA[[Ljava.lang.String;@5ba745bc]]>
              </value>
            </param>
          </params>
          <reporter-output>
          </reporter-output>
        </test-method> <!-- test_1 -->
        <test-method status="PASS" signature="after_method()[pri:0, instance:com.nmc.testcases.testcase01.SampleTestCase@6293abcc]" name="after_method" is-config="true" duration-ms="1" started-at="2020-01-02T07:08:37Z" finished-at="2020-01-02T07:08:37Z">
          <reporter-output>
          </reporter-output>
        </test-method> <!-- after_method -->
        <test-method status="PASS" signature="test_1([Ljava.lang.String;)[pri:0, instance:com.nmc.testcases.testcase01.SampleTestCase@6293abcc]" name="test_1" duration-ms="22885" started-at="2020-01-02T07:08:37Z" data-provider="regData" finished-at="2020-01-02T07:09:00Z">
          <params>
            <param index="0">
              <value>
                <![CDATA[[Ljava.lang.String;@654b72c0]]>
              </value>
            </param>
          </params>
          <reporter-output>
          </reporter-output>
        </test-method> <!-- test_1 -->
        <test-method status="PASS" signature="after_method()[pri:0, instance:com.nmc.testcases.testcase01.SampleTestCase@6293abcc]" name="after_method" is-config="true" duration-ms="0" started-at="2020-01-02T07:09:00Z" finished-at="2020-01-02T07:09:00Z">
          <reporter-output>
          </reporter-output>
        </test-method> <!-- after_method -->
      </class> <!-- com.nmc.testcases.testcase01.SampleTestCase -->
    </test> <!-- Registration Automation -->
  </suite> <!-- Suite -->
</testng-results>
